<?xml version="1.0" encoding="UTF-8"?>
<!-- Generated by org.testng.reporters.JUnitReportReporter -->
<testsuite hostname="BLR257" failures="0" tests="1" name="TestRunner.TestRunner" time="5.342" errors="0" timestamp="2024-06-20T17:12:42 IST" skipped="0">
  <testcase classname="TestRunner.TestRunner" name="runScenario" time="5.342"/>
</testsuite> <!-- TestRunner.TestRunner -->
